<?xml version="1.0" encoding="UTF-8" ?>
<testsuite errors="0" failures="0" hostname="ecsun-9osp6i1mz" name="com.faceye.test.core.service.TestReflect" tests="1" time="0.359" timestamp="2007-01-14T07:54:01">
  <properties>
    <property name="java.vendor" value="Sun Microsystems Inc." />
    <property name="lib.dir" value="../lib" />
    <property name="WebRoot.dir" value="K:\J2EESource\HomeWork\faceye\core/WebRoot" />
    <property name="sun.management.compiler" value="HotSpot Client Compiler" />
    <property name="test.data.dir" value="K:\J2EESource\HomeWork\faceye\core/test/data" />
    <property name="env.PROMPT" value="$P$G" />
    <property name="env.TERMCAP" value="C:\PROGRA~1\RATIONAL\RATION~1\NUTCROOT\etc\termcap" />
    <property name="os.name" value="Windows 2003" />
    <property name="env.RATL_RTHOME" value="C:\Program Files\Rational\Rational Test" />
    <property name="sun.boot.class.path" value="C:\Program Files\Java\jdk1.5.0_06\jre\lib\rt.jar;C:\Program Files\Java\jdk1.5.0_06\jre\lib\i18n.jar;C:\Program Files\Java\jdk1.5.0_06\jre\lib\sunrsasign.jar;C:\Program Files\Java\jdk1.5.0_06\jre\lib\jsse.jar;C:\Program Files\Java\jdk1.5.0_06\jre\lib\jce.jar;C:\Program Files\Java\jdk1.5.0_06\jre\lib\charsets.jar;C:\Program Files\Java\jdk1.5.0_06\jre\classes" />
    <property name="env.TMPDIR" value="C:\DOCUME~1\ADMINI~1\LOCALS~1\Temp" />
    <property name="env.COMPUTERNAME" value="ECSUN-9OSP6I1MZ" />
    <property name="test.reports.dir" value="K:\J2EESource\HomeWork\faceye\core/test/reports" />
    <property name="env.ALLUSERSPROFILE" value="C:\Documents and Settings\All Users" />
    <property name="sun.desktop" value="windows" />
    <property name="java.vm.specification.vendor" value="Sun Microsystems Inc." />
    <property name="ant.home" value="C:\Program Files\apache-ant-1.7.0-bin\apache-ant-1.7.0" />
    <property name="java.runtime.version" value="1.5.0_06-b05" />
    <property name="env.RQAHOME" value="C:\Program Files\Rational\Rational Test\QualityArchitect" />
    <property name="env.Rav" value="C:\Documents and Settings\All Users\Application Data\Rising\Rav" />
    <property name="env.HOMEPATH" value="\Documents and Settings\Administrator" />
    <property name="env.DISPLAY" value=":0.0" />
    <property name="user.name" value="Administrator" />
    <property name="tomcat.manager.url" value="http://localhost:8088/manager" />
    <property name="env.SHELL" value="C:\PROGRA~1\RATIONAL\RATION~1\NUTCROOT\mksnt\sh.exe" />
    <property name="build.dir" value="K:\J2EESource\HomeWork\faceye\core/build" />
    <property name="user.language" value="zh" />
    <property name="class.dir" value="K:\J2EESource\HomeWork\faceye\core/build/classes" />
    <property name="sun.boot.library.path" value="C:\Program Files\Java\jdk1.5.0_06\jre\bin" />
    <property name="ant.file.core" value="K:\J2EESource\HomeWork\faceye\core\build.xml" />
    <property name="env.ClusterLog" value="C:\WINDOWS\Cluster\cluster.log" />
    <property name="doc.dir" value="K:\J2EESource\HomeWork\faceye\core/doc" />
    <property name="ant.project.name" value="core" />
    <property name="java.version" value="1.5.0_06" />
    <property name="env.PROCESSOR_IDENTIFIER" value="x86 Family 6 Model 14 Stepping 8, GenuineIntel" />
    <property name="user.timezone" value="" />
    <property name="env.TEMP" value="C:\DOCUME~1\ADMINI~1\LOCALS~1\Temp" />
    <property name="sun.arch.data.model" value="32" />
    <property name="env.Rfw" value="C:\Documents and Settings\All Users\Application Data\Rising\Rfw" />
    <property name="java.endorsed.dirs" value="C:\Program Files\Java\jdk1.5.0_06\jre\lib\endorsed" />
    <property name="env._JAVACMD" value="C:\Program Files\Java\jdk1.5.0_06\bin\java.exe" />
    <property name="sun.cpu.isalist" value="pentium_pro+mmx pentium_pro pentium+mmx pentium i486 i386 i86" />
    <property name="template.dir" value="K:\J2EESource\HomeWork\faceye/template" />
    <property name="env.HOMEDRIVE" value="C:" />
    <property name="sun.jnu.encoding" value="GBK" />
    <property name="file.encoding.pkg" value="sun.io" />
    <property name="file.separator" value="\" />
    <property name="java.specification.name" value="Java Platform API Specification" />
    <property name="java.class.version" value="49.0" />
    <property name="user.country" value="CN" />
    <property name="java.home" value="C:\Program Files\Java\jdk1.5.0_06\jre" />
    <property name="dist.dir" value="K:\J2EESource\HomeWork\faceye\core/dist" />
    <property name="env.APPDATA" value="C:\Documents and Settings\Administrator\Application Data" />
    <property name="env.TERMINFO" value="C:\PROGRA~1\RATIONAL\RATION~1\NUTCROOT\usr\lib\terminfo" />
    <property name="java.vm.info" value="mixed mode, sharing" />
    <property name="env.ComSpec" value="C:\WINDOWS\system32\cmd.exe" />
    <property name="env.OS" value="Windows_NT" />
    <property name="env.CommonProgramFiles" value="C:\Program Files\Common Files" />
    <property name="ant.file" value="K:\J2EESource\HomeWork\faceye\core\build.xml" />
    <property name="os.version" value="5.2" />
    <property name="env.NUT_SUFFIXED_SEARCHING" value="1" />
    <property name="env.ROOTDIR" value="C:\PROGRA~1\RATIONAL\RATION~1\NUTCROOT" />
    <property name="env._USE_CLASSPATH" value="no" />
    <property name="javac.debug" value="true" />
    <property name="tomcat.manager.password" value="ecsunchina" />
    <property name="env.NUTSUFFIX" value="1" />
    <property name="path.separator" value=";" />
    <property name="java.vm.version" value="1.5.0_06-b05" />
    <property name="env.USERPROFILE" value="C:\Documents and Settings\Administrator" />
    <property name="user.variant" value="" />
    <property name="ant.library.dir" value="C:\Program Files\apache-ant-1.7.0-bin\apache-ant-1.7.0\lib" />
    <property name="sub.package.name" value="core" />
    <property name="env.JAVA_HOME" value="C:\Program Files\Java\jdk1.5.0_06" />
    <property name="env.TERM" value="nutc" />
    <property name="java.awt.printerjob" value="sun.awt.windows.WPrinterJob" />
    <property name="env.TMP" value="C:\DOCUME~1\ADMINI~1\LOCALS~1\Temp" />
    <property name="tomcat.manager.username" value="admin" />
    <property name="sun.io.unicode.encoding" value="UnicodeLittle" />
    <property name="awt.toolkit" value="sun.awt.windows.WToolkit" />
    <property name="packages" value="com.faceye" />
    <property name="ant.file.basic-environment" value="K:\J2EESource\HomeWork\faceye\build-basic-environment.xml" />
    <property name="user.home" value="C:\Documents and Settings\Administrator" />
    <property name="metada.dir" value="K:\J2EESource\HomeWork\faceye\core/metada" />
    <property name="env.SESSIONNAME" value="Console" />
    <property name="java.specification.vendor" value="Sun Microsystems Inc." />
    <property name="test.dir" value="K:\J2EESource\HomeWork\faceye\core/test" />
    <property name="java.library.path" value="C:\Program Files\Java\jdk1.5.0_06\bin;.;C:\WINDOWS\system32;C:\WINDOWS;C:\Program Files\apache-ant-1.7.0-bin\apache-ant-1.7.0\bin;C:\Program Files\Java\jdk1.5.0_06\bin;C:\PROGRA~1\RATIONAL\RATION~1\NUTCROOT\bin;C:\PROGRA~1\RATIONAL\RATION~1\NUTCROOT\bin\x11;C:\PROGRA~1\RATIONAL\RATION~1\NUTCROOT\mksnt;C:\WINDOWS\system32;C:\WINDOWS;C:\WINDOWS\System32\Wbem;C:\Program Files\Rational\common;C:\Program Files\Rational\ClearQuest;C:\Program Files\Rational\Rose\TopLink\;C:\Program Files\Rational\Rational Test" />
    <property name="env.NUMBER_OF_PROCESSORS" value="2" />
    <property name="java.vendor.url" value="http://java.sun.com/" />
    <property name="env.NUTCROOT" value="C:\PROGRA~1\RATIONAL\RATION~1\NUTCROOT" />
    <property name="java.vm.vendor" value="Sun Microsystems Inc." />
    <property name="java.runtime.name" value="Java(TM) 2 Runtime Environment, Standard Edition" />
    <property name="ant.version" value="Apache Ant version 1.7.0 compiled on December 13 2006" />
    <property name="java.class.path" value="C:\Program Files\apache-ant-1.7.0-bin\apache-ant-1.7.0\lib\ant-launcher.jar;C:\Program Files\apache-ant-1.7.0-bin\apache-ant-1.7.0\lib\ant-antlr.jar;C:\Program Files\apache-ant-1.7.0-bin\apache-ant-1.7.0\lib\ant-apache-bcel.jar;C:\Program Files\apache-ant-1.7.0-bin\apache-ant-1.7.0\lib\ant-apache-bsf.jar;C:\Program Files\apache-ant-1.7.0-bin\apache-ant-1.7.0\lib\ant-apache-log4j.jar;C:\Program Files\apache-ant-1.7.0-bin\apache-ant-1.7.0\lib\ant-apache-oro.jar;C:\Program Files\apache-ant-1.7.0-bin\apache-ant-1.7.0\lib\ant-apache-regexp.jar;C:\Program Files\apache-ant-1.7.0-bin\apache-ant-1.7.0\lib\ant-apache-resolver.jar;C:\Program Files\apache-ant-1.7.0-bin\apache-ant-1.7.0\lib\ant-commons-logging.jar;C:\Program Files\apache-ant-1.7.0-bin\apache-ant-1.7.0\lib\ant-commons-net.jar;C:\Program Files\apache-ant-1.7.0-bin\apache-ant-1.7.0\lib\ant-jai.jar;C:\Program Files\apache-ant-1.7.0-bin\apache-ant-1.7.0\lib\ant-javamail.jar;C:\Program Files\apache-ant-1.7.0-bin\apache-ant-1.7.0\lib\ant-jdepend.jar;C:\Program Files\apache-ant-1.7.0-bin\apache-ant-1.7.0\lib\ant-jmf.jar;C:\Program Files\apache-ant-1.7.0-bin\apache-ant-1.7.0\lib\ant-jsch.jar;C:\Program Files\apache-ant-1.7.0-bin\apache-ant-1.7.0\lib\ant-junit.jar;C:\Program Files\apache-ant-1.7.0-bin\apache-ant-1.7.0\lib\ant-launcher.jar;C:\Program Files\apache-ant-1.7.0-bin\apache-ant-1.7.0\lib\ant-netrexx.jar;C:\Program Files\apache-ant-1.7.0-bin\apache-ant-1.7.0\lib\ant-nodeps.jar;C:\Program Files\apache-ant-1.7.0-bin\apache-ant-1.7.0\lib\ant-starteam.jar;C:\Program Files\apache-ant-1.7.0-bin\apache-ant-1.7.0\lib\ant-stylebook.jar;C:\Program Files\apache-ant-1.7.0-bin\apache-ant-1.7.0\lib\ant-swing.jar;C:\Program Files\apache-ant-1.7.0-bin\apache-ant-1.7.0\lib\ant-testutil.jar;C:\Program Files\apache-ant-1.7.0-bin\apache-ant-1.7.0\lib\ant-trax.jar;C:\Program Files\apache-ant-1.7.0-bin\apache-ant-1.7.0\lib\ant-weblogic.jar;C:\Program Files\apache-ant-1.7.0-bin\apache-ant-1.7.0\lib\ant.jar;C:\Program Files\apache-ant-1.7.0-bin\apache-ant-1.7.0\lib\xercesImpl.jar;C:\Program Files\apache-ant-1.7.0-bin\apache-ant-1.7.0\lib\xml-apis.jar;C:\Program Files\Java\jdk1.5.0_06\lib\tools.jar" />
    <property name="ant.file.faceye" value="K:\J2EESource\HomeWork\faceye\build.xml" />
    <property name="project.version" value="1.0.0" />
    <property name="project.name" value="faceye" />
    <property name="java.vm.specification.name" value="Java Virtual Machine Specification" />
    <property name="env.LOGONSERVER" value="\\ECSUN-9OSP6I1MZ" />
    <property name="env.windir" value="C:\WINDOWS" />
    <property name="java.vm.specification.version" value="1.0" />
    <property name="env.PROCESSOR_ARCHITECTURE" value="x86" />
    <property name="sun.cpu.endian" value="little" />
    <property name="sun.os.patch.level" value="" />
    <property name="env.HOME" value="C:\Documents and Settings\Administrator" />
    <property name="env.ProgramFiles" value="C:\Program Files" />
    <property name="env.ANT_HOME" value="C:\Program Files\apache-ant-1.7.0-bin\apache-ant-1.7.0" />
    <property name="java.io.tmpdir" value="C:\DOCUME~1\ADMINI~1\LOCALS~1\Temp\" />
    <property name="env.PROCESSOR_REVISION" value="0e08" />
    <property name="test.src" value="K:\J2EESource\HomeWork\faceye\core/test/src" />
    <property name="java.vendor.url.bug" value="http://java.sun.com/cgi-bin/bugreport.cgi" />
    <property name="env.SystemRoot" value="C:\WINDOWS" />
    <property name="ant.file.common" value="K:\J2EESource\HomeWork\faceye\build-common.xml" />
    <property name="java.awt.graphicsenv" value="sun.awt.Win32GraphicsEnvironment" />
    <property name="os.arch" value="x86" />
    <property name="env.ANT_CMD_LINE_ARGS" value="junit-test" />
    <property name="java.ext.dirs" value="C:\Program Files\Java\jdk1.5.0_06\jre\lib\ext" />
    <property name="ant.file.build-common-java" value="K:\J2EESource\HomeWork\faceye\build-common-java.xml" />
    <property name="user.dir" value="K:\J2EESource\HomeWork\faceye" />
    <property name="env.COMMONHOME" value="C:\Program Files\Rational\common" />
    <property name="build.test.dir" value="K:\J2EESource\HomeWork\faceye\core/build/test" />
    <property name="line.separator" value="
" />
    <property name="java.vm.name" value="Java HotSpot(TM) Client VM" />
    <property name="env.PATHEXT" value=".COM;.EXE;.BAT;.CMD;.VBS;.VBE;.JS;.JSE;.WSF;.WSH" />
    <property name="env.Path" value="C:\Program Files\apache-ant-1.7.0-bin\apache-ant-1.7.0\bin;C:\Program Files\Java\jdk1.5.0_06\bin;C:\PROGRA~1\RATIONAL\RATION~1\NUTCROOT\bin;C:\PROGRA~1\RATIONAL\RATION~1\NUTCROOT\bin\x11;C:\PROGRA~1\RATIONAL\RATION~1\NUTCROOT\mksnt;C:\WINDOWS\system32;C:\WINDOWS;C:\WINDOWS\System32\Wbem;C:\Program Files\Rational\common;C:\Program Files\Rational\ClearQuest;C:\Program Files\Rational\Rose\TopLink\;C:\Program Files\Rational\Rational Test" />
    <property name="tomcat.home" value="${env.CATALINA_HOME}" />
    <property name="basedir" value="K:\J2EESource\HomeWork\faceye\core" />
    <property name="ant.java.version" value="1.5" />
    <property name="ant.core.lib" value="C:\Program Files\apache-ant-1.7.0-bin\apache-ant-1.7.0\lib\ant.jar" />
    <property name="generator.dir" value="K:\J2EESource\HomeWork\faceye\core/generator" />
    <property name="env.USERNAME" value="Administrator" />
    <property name="env.SystemDrive" value="C:" />
    <property name="file.encoding" value="GBK" />
    <property name="build.web.dir" value="K:\J2EESource\HomeWork\faceye\core/build/web" />
    <property name="env.USERDOMAIN" value="ECSUN-9OSP6I1MZ" />
    <property name="bak.dir" value="K:\J2EESource\HomeWork\faceye\core/bak" />
    <property name="java.specification.version" value="1.5" />
    <property name="src.dir" value="K:\J2EESource\HomeWork\faceye\core/src" />
    <property name="env.PROCESSOR_LEVEL" value="6" />
    <property name="project.dir" value=".." />
  </properties>
  <testcase classname="com.faceye.test.core.service.TestReflect" name="testInterface" time="0.109" />
  <system-out><![CDATA[com.faceye.core.service.iface.IBaseService
org.springframework.web.context.WebApplicationContext.ROOT
]]></system-out>
  <system-err><![CDATA[]]></system-err>
</testsuite>
